<?xml version="1.0" encoding="UTF-8"?>
<!-- Generated by org.testng.reporters.JUnitReportReporter -->
<testsuite hostname="MININT-QQK768U" name="com.test.LoginPageTest" tests="1" failures="0" timestamp="14 Jul 2016 01:52:41 GMT" time="11.966" errors="0">
  <testcase name="testInvalidLogin" time="11.966" classname="com.test.LoginPageTest"/>
</testsuite> <!-- com.test.LoginPageTest -->
